SF:lib/core/types/data_exception.dart
DA:5,1
DA:6,1
DA:7,0
DA:8,0
DA:9,0
DA:10,0
DA:11,0
DA:12,0
DA:13,0
DA:14,0
DA:15,0
DA:16,0
DA:18,0
DA:19,0
DA:20,0
DA:24,0
DA:25,0
DA:26,0
DA:27,0
DA:28,0
DA:30,0
DA:31,0
DA:32,0
DA:33,0
DA:34,0
DA:36,1
DA:37,0
DA:44,0
DA:46,0
DA:48,0
DA:50,0
DA:52,0
DA:54,0
DA:56,0
DA:63,0
DA:64,0
LF:36
LH:3
end_of_record
SF:lib/data/dto/auth/req_sign_in_dto.dart
DA:13,0
DA:14,0
LF:2
LH:0
end_of_record
SF:lib/data/dto/auth/req_sign_in_dto.g.dart
DA:9,0
DA:10,0
DA:11,0
DA:12,0
DA:15,0
DA:16,0
DA:17,0
DA:18,0
LF:8
LH:0
end_of_record
SF:lib/data/dto/auth/req_sign_up_dto.dart
DA:14,0
DA:15,0
LF:2
LH:0
end_of_record
SF:lib/data/dto/auth/req_sign_up_dto.g.dart
DA:9,0
DA:10,0
DA:11,0
DA:12,0
DA:13,0
DA:16,0
DA:17,0
DA:18,0
DA:19,0
DA:20,0
LF:10
LH:0
end_of_record
SF:lib/data/model/auth_model.dart
DA:14,1
DA:15,1
LF:2
LH:2
end_of_record
SF:lib/data/model/auth_model.g.dart
DA:9,1
DA:10,1
DA:11,1
DA:12,1
DA:14,2
DA:17,0
DA:18,0
DA:19,0
DA:20,0
LF:9
LH:5
end_of_record
SF:lib/data/repo/auth_repo.dart
DA:8,0
DA:11,0
DA:13,0
DA:15,0
DA:17,0
LF:5
LH:0
end_of_record
SF:lib/data/service/auth_service.dart
DA:15,1
DA:18,1
DA:21,2
DA:22,3
DA:24,2
DA:28,1
DA:31,2
DA:32,3
DA:34,2
LF:9
LH:9
end_of_record
SF:lib/core/config/api_options.dart
DA:10,0
DA:16,0
DA:18,0
DA:19,0
DA:20,0
DA:22,0
DA:23,0
DA:24,0
DA:26,0
DA:27,0
DA:29,0
LF:11
LH:0
end_of_record
SF:lib/core/config/core_strings.dart
DA:10,0
DA:11,0
DA:12,0
DA:14,0
DA:16,0
DA:18,0
DA:20,0
LF:7
LH:0
end_of_record
SF:lib/core/manager/local/config_client.dart
DA:6,0
DA:7,0
DA:9,0
DA:11,0
DA:13,0
DA:22,0
DA:23,0
LF:7
LH:0
end_of_record
SF:lib/core/manager/remote/dio_client.dart
DA:11,0
DA:12,0
DA:13,0
DA:14,0
DA:15,0
DA:16,0
DA:17,0
DA:18,0
DA:22,0
DA:23,0
DA:24,0
DA:25,0
DA:26,0
DA:27,0
DA:30,0
DA:41,0
DA:49,0
DA:63,0
DA:73,0
DA:89,0
DA:99,0
DA:115,0
DA:125,0
DA:141,0
DA:151,0
DA:165,0
DA:173,0
LF:27
LH:0
end_of_record
SF:lib/core/manager/remote/inceptors/dio_inceptor.dart
DA:7,0
DA:11,0
DA:32,0
DA:33,0
DA:34,0
DA:36,0
DA:38,0
DA:41,0
DA:44,0
DA:46,0
DA:49,0
LF:11
LH:0
end_of_record
SF:lib/core/manager/storage/secure_storage_client.dart
DA:7,0
DA:10,0
DA:11,0
DA:14,0
DA:15,0
DA:18,0
DA:19,0
DA:22,0
DA:23,0
DA:26,0
DA:27,0
DA:30,0
DA:31,0
LF:13
LH:0
end_of_record
SF:lib/data/model/user_model.dart
DA:14,1
DA:15,1
LF:2
LH:2
end_of_record
SF:lib/data/model/user_model.g.dart
DA:9,1
DA:10,1
DA:11,1
DA:12,1
DA:13,1
DA:16,0
DA:17,0
DA:18,0
DA:19,0
DA:20,0
LF:10
LH:5
end_of_record
